<?xml version="1.0" encoding="UTF-8"?>
<coverage generated="1650022050233" clover="3.2.0">
  <project timestamp="1650022050233" name="All files">
    <metrics statements="18" coveredstatements="18" conditionals="10" coveredconditionals="10" methods="4" coveredmethods="4" elements="32" coveredelements="32" complexity="0" loc="18" ncloc="18" packages="1" files="3" classes="3"/>
    <file name="compareData.js" path="/Users/asyakamaeva/Documents/Hexlet/frontend-project-lvl2/src/compareData.js">
      <metrics statements="11" coveredstatements="11" conditionals="10" coveredconditionals="10" methods="2" coveredmethods="2"/>
      <line num="3" count="1" type="stmt"/>
      <line num="4" count="2" type="stmt"/>
      <line num="5" count="2" type="stmt"/>
      <line num="6" count="10" type="cond" truecount="2" falsecount="0"/>
      <line num="7" count="2" type="stmt"/>
      <line num="9" count="10" type="cond" truecount="4" falsecount="0"/>
      <line num="10" count="6" type="stmt"/>
      <line num="12" count="10" type="cond" truecount="4" falsecount="0"/>
      <line num="13" count="4" type="stmt"/>
      <line num="15" count="10" type="stmt"/>
      <line num="17" count="2" type="stmt"/>
    </file>
    <file name="getFixturePath.js" path="/Users/asyakamaeva/Documents/Hexlet/frontend-project-lvl2/src/getFixturePath.js">
      <metrics statements="3" coveredstatements="3" conditionals="0" coveredconditionals="0" methods="1" coveredmethods="1"/>
      <line num="4" count="1" type="stmt"/>
      <line num="5" count="1" type="stmt"/>
      <line num="6" count="2" type="stmt"/>
    </file>
    <file name="index.js" path="/Users/asyakamaeva/Documents/Hexlet/frontend-project-lvl2/src/index.js">
      <metrics statements="4" coveredstatements="4" conditionals="0" coveredconditionals="0" methods="1" coveredmethods="1"/>
      <line num="4" count="1" type="stmt"/>
      <line num="5" count="2" type="stmt"/>
      <line num="6" count="2" type="stmt"/>
      <line num="7" count="2" type="stmt"/>
    </file>
  </project>
</coverage>
