TN:
SF:src/compareData.js
FN:3,(anonymous_0)
FN:5,(anonymous_1)
FNF:2
FNH:2
FNDA:2,(anonymous_0)
FNDA:10,(anonymous_1)
DA:3,1
DA:4,2
DA:5,2
DA:6,10
DA:7,2
DA:9,10
DA:10,6
DA:12,10
DA:13,4
DA:15,10
DA:17,2
LF:11
LH:11
BRDA:6,0,0,2
BRDA:6,0,1,8
BRDA:9,1,0,6
BRDA:9,1,1,4
BRDA:9,2,0,10
BRDA:9,2,1,8
BRDA:12,3,0,4
BRDA:12,3,1,6
BRDA:12,4,0,10
BRDA:12,4,1,8
BRF:10
BRH:10
end_of_record
TN:
SF:src/getFixturePath.js
FN:6,(anonymous_0)
FNF:1
FNH:1
FNDA:2,(anonymous_0)
DA:4,1
DA:5,1
DA:6,2
LF:3
LH:3
BRF:0
BRH:0
end_of_record
TN:
SF:src/index.js
FN:4,(anonymous_0)
FNF:1
FNH:1
FNDA:2,(anonymous_0)
DA:4,1
DA:5,2
DA:6,2
DA:7,2
LF:4
LH:4
BRF:0
BRH:0
end_of_record
